2022-06-18T14:12:33+00:00 CRITICAL Uncaught Error: Call to undefined function underscores_post_thumbnail() in /home/pr435071/anakim.space/wp/wp-content/themes/underscores/template-parts/content-page.php:17
Stack trace:
#0 /home/pr435071/anakim.space/wp/wp-includes/template.php(772): require()
#1 /home/pr435071/anakim.space/wp/wp-includes/template.php(716): load_template('/home/pr435071/...', false, Array)
#2 /home/pr435071/anakim.space/wp/wp-includes/general-template.php(204): locate_template(Array, true, false, Array)
#3 /home/pr435071/anakim.space/wp/wp-content/themes/underscores/page.php(24): get_template_part('template-parts/...', 'page')
#4 /home/pr435071/anakim.space/wp/wp-includes/template-loader.php(106): include('/home/pr435071/...')
#5 /home/pr435071/anakim.space/wp/wp-blog-header.php(19): require_once('/home/pr435071/...')
#6 /home/pr435071/anakim.space/wp/index.php(17): require('/home/pr435071/...')
#7 {main}
  thrown в /home/pr435071/anakim.space/wp/wp-content/themes/underscores/template-parts/content-page.php на строке 17

2022-06-18T14:13:02+00:00 CRITICAL Uncaught Error: Call to undefined function underscores_post_thumbnail() in /home/pr435071/anakim.space/wp/wp-content/themes/underscores/template-parts/content-page.php:17
Stack trace:
#0 /home/pr435071/anakim.space/wp/wp-includes/template.php(772): require()
#1 /home/pr435071/anakim.space/wp/wp-includes/template.php(716): load_template('/home/pr435071/...', false, Array)
#2 /home/pr435071/anakim.space/wp/wp-includes/general-template.php(204): locate_template(Array, true, false, Array)
#3 /home/pr435071/anakim.space/wp/wp-content/themes/underscores/page.php(24): get_template_part('template-parts/...', 'page')
#4 /home/pr435071/anakim.space/wp/wp-includes/template-loader.php(106): include('/home/pr435071/...')
#5 /home/pr435071/anakim.space/wp/wp-blog-header.php(19): require_once('/home/pr435071/...')
#6 /home/pr435071/anakim.space/wp/index.php(17): require('/home/pr435071/...')
#7 {main}
  thrown в /home/pr435071/anakim.space/wp/wp-content/themes/underscores/template-parts/content-page.php на строке 17

2022-06-18T14:13:03+00:00 CRITICAL Uncaught Error: Call to undefined function underscores_post_thumbnail() in /home/pr435071/anakim.space/wp/wp-content/themes/underscores/template-parts/content-page.php:17
Stack trace:
#0 /home/pr435071/anakim.space/wp/wp-includes/template.php(772): require()
#1 /home/pr435071/anakim.space/wp/wp-includes/template.php(716): load_template('/home/pr435071/...', false, Array)
#2 /home/pr435071/anakim.space/wp/wp-includes/general-template.php(204): locate_template(Array, true, false, Array)
#3 /home/pr435071/anakim.space/wp/wp-content/themes/underscores/page.php(24): get_template_part('template-parts/...', 'page')
#4 /home/pr435071/anakim.space/wp/wp-includes/template-loader.php(106): include('/home/pr435071/...')
#5 /home/pr435071/anakim.space/wp/wp-blog-header.php(19): require_once('/home/pr435071/...')
#6 /home/pr435071/anakim.space/wp/index.php(17): require('/home/pr435071/...')
#7 {main}
  thrown в /home/pr435071/anakim.space/wp/wp-content/themes/underscores/template-parts/content-page.php на строке 17

2022-06-18T14:13:05+00:00 CRITICAL Uncaught Error: Call to undefined function underscores_post_thumbnail() in /home/pr435071/anakim.space/wp/wp-content/themes/underscores/template-parts/content-page.php:17
Stack trace:
#0 /home/pr435071/anakim.space/wp/wp-includes/template.php(772): require()
#1 /home/pr435071/anakim.space/wp/wp-includes/template.php(716): load_template('/home/pr435071/...', false, Array)
#2 /home/pr435071/anakim.space/wp/wp-includes/general-template.php(204): locate_template(Array, true, false, Array)
#3 /home/pr435071/anakim.space/wp/wp-content/themes/underscores/page.php(24): get_template_part('template-parts/...', 'page')
#4 /home/pr435071/anakim.space/wp/wp-includes/template-loader.php(106): include('/home/pr435071/...')
#5 /home/pr435071/anakim.space/wp/wp-blog-header.php(19): require_once('/home/pr435071/...')
#6 /home/pr435071/anakim.space/wp/index.php(17): require('/home/pr435071/...')
#7 {main}
  thrown в /home/pr435071/anakim.space/wp/wp-content/themes/underscores/template-parts/content-page.php на строке 17

2022-06-18T14:13:45+00:00 CRITICAL Uncaught Error: Call to undefined function underscores_post_thumbnail() in /home/pr435071/anakim.space/wp/wp-content/themes/underscores/template-parts/content-page.php:17
Stack trace:
#0 /home/pr435071/anakim.space/wp/wp-includes/template.php(772): require()
#1 /home/pr435071/anakim.space/wp/wp-includes/template.php(716): load_template('/home/pr435071/...', false, Array)
#2 /home/pr435071/anakim.space/wp/wp-includes/general-template.php(204): locate_template(Array, true, false, Array)
#3 /home/pr435071/anakim.space/wp/wp-content/themes/underscores/page.php(24): get_template_part('template-parts/...', 'page')
#4 /home/pr435071/anakim.space/wp/wp-includes/template-loader.php(106): include('/home/pr435071/...')
#5 /home/pr435071/anakim.space/wp/wp-blog-header.php(19): require_once('/home/pr435071/...')
#6 /home/pr435071/anakim.space/wp/index.php(17): require('/home/pr435071/...')
#7 {main}
  thrown в /home/pr435071/anakim.space/wp/wp-content/themes/underscores/template-parts/content-page.php на строке 17

2022-06-18T14:14:53+00:00 CRITICAL Uncaught Error: Call to undefined function underscores_post_thumbnail() in /home/pr435071/anakim.space/wp/wp-content/themes/underscores/template-parts/content-page.php:17
Stack trace:
#0 /home/pr435071/anakim.space/wp/wp-includes/template.php(772): require()
#1 /home/pr435071/anakim.space/wp/wp-includes/template.php(716): load_template('/home/pr435071/...', false, Array)
#2 /home/pr435071/anakim.space/wp/wp-includes/general-template.php(204): locate_template(Array, true, false, Array)
#3 /home/pr435071/anakim.space/wp/wp-content/themes/underscores/page.php(24): get_template_part('template-parts/...', 'page')
#4 /home/pr435071/anakim.space/wp/wp-includes/template-loader.php(106): include('/home/pr435071/...')
#5 /home/pr435071/anakim.space/wp/wp-blog-header.php(19): require_once('/home/pr435071/...')
#6 /home/pr435071/anakim.space/wp/index.php(17): require('/home/pr435071/...')
#7 {main}
  thrown в /home/pr435071/anakim.space/wp/wp-content/themes/underscores/template-parts/content-page.php на строке 17

2022-06-18T14:15:26+00:00 CRITICAL Uncaught Error: Call to undefined function underscores_post_thumbnail() in /home/pr435071/anakim.space/wp/wp-content/themes/underscores/template-parts/content-page.php:17
Stack trace:
#0 /home/pr435071/anakim.space/wp/wp-includes/template.php(772): require()
#1 /home/pr435071/anakim.space/wp/wp-includes/template.php(716): load_template('/home/pr435071/...', false, Array)
#2 /home/pr435071/anakim.space/wp/wp-includes/general-template.php(204): locate_template(Array, true, false, Array)
#3 /home/pr435071/anakim.space/wp/wp-content/themes/underscores/page.php(24): get_template_part('template-parts/...', 'page')
#4 /home/pr435071/anakim.space/wp/wp-includes/template-loader.php(106): include('/home/pr435071/...')
#5 /home/pr435071/anakim.space/wp/wp-blog-header.php(19): require_once('/home/pr435071/...')
#6 /home/pr435071/anakim.space/wp/index.php(17): require('/home/pr435071/...')
#7 {main}
  thrown в /home/pr435071/anakim.space/wp/wp-content/themes/underscores/template-parts/content-page.php на строке 17

2022-06-18T14:19:18+00:00 CRITICAL Uncaught Error: Call to undefined function underscores_post_thumbnail() in /home/pr435071/anakim.space/wp/wp-content/themes/underscores/template-parts/content-page.php:17
Stack trace:
#0 /home/pr435071/anakim.space/wp/wp-includes/template.php(772): require()
#1 /home/pr435071/anakim.space/wp/wp-includes/template.php(716): load_template('/home/pr435071/...', false, Array)
#2 /home/pr435071/anakim.space/wp/wp-includes/general-template.php(204): locate_template(Array, true, false, Array)
#3 /home/pr435071/anakim.space/wp/wp-content/themes/underscores/page.php(24): get_template_part('template-parts/...', 'page')
#4 /home/pr435071/anakim.space/wp/wp-includes/template-loader.php(106): include('/home/pr435071/...')
#5 /home/pr435071/anakim.space/wp/wp-blog-header.php(19): require_once('/home/pr435071/...')
#6 /home/pr435071/anakim.space/wp/index.php(17): require('/home/pr435071/...')
#7 {main}
  thrown в /home/pr435071/anakim.space/wp/wp-content/themes/underscores/template-parts/content-page.php на строке 17

2022-06-18T14:19:20+00:00 CRITICAL Uncaught Error: Call to undefined function underscores_post_thumbnail() in /home/pr435071/anakim.space/wp/wp-content/themes/underscores/template-parts/content-page.php:17
Stack trace:
#0 /home/pr435071/anakim.space/wp/wp-includes/template.php(772): require()
#1 /home/pr435071/anakim.space/wp/wp-includes/template.php(716): load_template('/home/pr435071/...', false, Array)
#2 /home/pr435071/anakim.space/wp/wp-includes/general-template.php(204): locate_template(Array, true, false, Array)
#3 /home/pr435071/anakim.space/wp/wp-content/themes/underscores/page.php(24): get_template_part('template-parts/...', 'page')
#4 /home/pr435071/anakim.space/wp/wp-includes/template-loader.php(106): include('/home/pr435071/...')
#5 /home/pr435071/anakim.space/wp/wp-blog-header.php(19): require_once('/home/pr435071/...')
#6 /home/pr435071/anakim.space/wp/index.php(17): require('/home/pr435071/...')
#7 {main}
  thrown в /home/pr435071/anakim.space/wp/wp-content/themes/underscores/template-parts/content-page.php на строке 17

2022-06-18T14:24:20+00:00 CRITICAL Uncaught Error: Call to undefined function underscores_post_thumbnail() in /home/pr435071/anakim.space/wp/wp-content/themes/underscores/template-parts/content-page.php:17
Stack trace:
#0 /home/pr435071/anakim.space/wp/wp-includes/template.php(772): require()
#1 /home/pr435071/anakim.space/wp/wp-includes/template.php(716): load_template('/home/pr435071/...', false, Array)
#2 /home/pr435071/anakim.space/wp/wp-includes/general-template.php(204): locate_template(Array, true, false, Array)
#3 /home/pr435071/anakim.space/wp/wp-content/themes/underscores/page.php(24): get_template_part('template-parts/...', 'page')
#4 /home/pr435071/anakim.space/wp/wp-includes/template-loader.php(106): include('/home/pr435071/...')
#5 /home/pr435071/anakim.space/wp/wp-blog-header.php(19): require_once('/home/pr435071/...')
#6 /home/pr435071/anakim.space/wp/index.php(17): require('/home/pr435071/...')
#7 {main}
  thrown в /home/pr435071/anakim.space/wp/wp-content/themes/underscores/template-parts/content-page.php на строке 17

2022-06-18T14:24:22+00:00 CRITICAL Uncaught Error: Call to undefined function underscores_post_thumbnail() in /home/pr435071/anakim.space/wp/wp-content/themes/underscores/template-parts/content-page.php:17
Stack trace:
#0 /home/pr435071/anakim.space/wp/wp-includes/template.php(772): require()
#1 /home/pr435071/anakim.space/wp/wp-includes/template.php(716): load_template('/home/pr435071/...', false, Array)
#2 /home/pr435071/anakim.space/wp/wp-includes/general-template.php(204): locate_template(Array, true, false, Array)
#3 /home/pr435071/anakim.space/wp/wp-content/themes/underscores/page.php(24): get_template_part('template-parts/...', 'page')
#4 /home/pr435071/anakim.space/wp/wp-includes/template-loader.php(106): include('/home/pr435071/...')
#5 /home/pr435071/anakim.space/wp/wp-blog-header.php(19): require_once('/home/pr435071/...')
#6 /home/pr435071/anakim.space/wp/index.php(17): require('/home/pr435071/...')
#7 {main}
  thrown в /home/pr435071/anakim.space/wp/wp-content/themes/underscores/template-parts/content-page.php на строке 17

2022-06-18T14:24:24+00:00 CRITICAL Uncaught Error: Call to undefined function underscores_post_thumbnail() in /home/pr435071/anakim.space/wp/wp-content/themes/underscores/template-parts/content-page.php:17
Stack trace:
#0 /home/pr435071/anakim.space/wp/wp-includes/template.php(772): require()
#1 /home/pr435071/anakim.space/wp/wp-includes/template.php(716): load_template('/home/pr435071/...', false, Array)
#2 /home/pr435071/anakim.space/wp/wp-includes/general-template.php(204): locate_template(Array, true, false, Array)
#3 /home/pr435071/anakim.space/wp/wp-content/themes/underscores/page.php(24): get_template_part('template-parts/...', 'page')
#4 /home/pr435071/anakim.space/wp/wp-includes/template-loader.php(106): include('/home/pr435071/...')
#5 /home/pr435071/anakim.space/wp/wp-blog-header.php(19): require_once('/home/pr435071/...')
#6 /home/pr435071/anakim.space/wp/index.php(17): require('/home/pr435071/...')
#7 {main}
  thrown в /home/pr435071/anakim.space/wp/wp-content/themes/underscores/template-parts/content-page.php на строке 17

2022-06-18T14:24:25+00:00 CRITICAL Uncaught Error: Call to undefined function underscores_post_thumbnail() in /home/pr435071/anakim.space/wp/wp-content/themes/underscores/template-parts/content-page.php:17
Stack trace:
#0 /home/pr435071/anakim.space/wp/wp-includes/template.php(772): require()
#1 /home/pr435071/anakim.space/wp/wp-includes/template.php(716): load_template('/home/pr435071/...', false, Array)
#2 /home/pr435071/anakim.space/wp/wp-includes/general-template.php(204): locate_template(Array, true, false, Array)
#3 /home/pr435071/anakim.space/wp/wp-content/themes/underscores/page.php(24): get_template_part('template-parts/...', 'page')
#4 /home/pr435071/anakim.space/wp/wp-includes/template-loader.php(106): include('/home/pr435071/...')
#5 /home/pr435071/anakim.space/wp/wp-blog-header.php(19): require_once('/home/pr435071/...')
#6 /home/pr435071/anakim.space/wp/index.php(17): require('/home/pr435071/...')
#7 {main}
  thrown в /home/pr435071/anakim.space/wp/wp-content/themes/underscores/template-parts/content-page.php на строке 17

2022-06-18T14:25:08+00:00 CRITICAL Uncaught Error: Using $this when not in object context in /home/pr435071/anakim.space/wp/wp-content/themes/underscores/functions.php:4
Stack trace:
#0 /home/pr435071/anakim.space/wp/wp-settings.php(566): include()
#1 /home/pr435071/anakim.space/wp/wp-config.php(98): require_once('/home/pr435071/...')
#2 /home/pr435071/anakim.space/wp/wp-load.php(50): require_once('/home/pr435071/...')
#3 /home/pr435071/anakim.space/wp/wp-blog-header.php(13): require_once('/home/pr435071/...')
#4 /home/pr435071/anakim.space/wp/index.php(17): require('/home/pr435071/...')
#5 {main}
  thrown в /home/pr435071/anakim.space/wp/wp-content/themes/underscores/functions.php на строке 4

2022-06-18T14:25:09+00:00 CRITICAL Uncaught Error: Using $this when not in object context in /home/pr435071/anakim.space/wp/wp-content/themes/underscores/functions.php:4
Stack trace:
#0 /home/pr435071/anakim.space/wp/wp-settings.php(566): include()
#1 /home/pr435071/anakim.space/wp/wp-config.php(98): require_once('/home/pr435071/...')
#2 /home/pr435071/anakim.space/wp/wp-load.php(50): require_once('/home/pr435071/...')
#3 /home/pr435071/anakim.space/wp/wp-blog-header.php(13): require_once('/home/pr435071/...')
#4 /home/pr435071/anakim.space/wp/index.php(17): require('/home/pr435071/...')
#5 {main}
  thrown в /home/pr435071/anakim.space/wp/wp-content/themes/underscores/functions.php на строке 4

2022-06-18T14:25:47+00:00 CRITICAL Uncaught Error: Using $this when not in object context in /home/pr435071/anakim.space/wp/wp-content/themes/underscores/functions.php:4
Stack trace:
#0 /home/pr435071/anakim.space/wp/wp-settings.php(566): include()
#1 /home/pr435071/anakim.space/wp/wp-config.php(98): require_once('/home/pr435071/...')
#2 /home/pr435071/anakim.space/wp/wp-load.php(50): require_once('/home/pr435071/...')
#3 /home/pr435071/anakim.space/wp/wp-blog-header.php(13): require_once('/home/pr435071/...')
#4 /home/pr435071/anakim.space/wp/index.php(17): require('/home/pr435071/...')
#5 {main}
  thrown в /home/pr435071/anakim.space/wp/wp-content/themes/underscores/functions.php на строке 4

2022-06-18T14:25:47+00:00 CRITICAL Uncaught Error: Using $this when not in object context in /home/pr435071/anakim.space/wp/wp-content/themes/underscores/functions.php:4
Stack trace:
#0 /home/pr435071/anakim.space/wp/wp-settings.php(566): include()
#1 /home/pr435071/anakim.space/wp/wp-config.php(98): require_once('/home/pr435071/...')
#2 /home/pr435071/anakim.space/wp/wp-load.php(50): require_once('/home/pr435071/...')
#3 /home/pr435071/anakim.space/wp/wp-blog-header.php(13): require_once('/home/pr435071/...')
#4 /home/pr435071/anakim.space/wp/index.php(17): require('/home/pr435071/...')
#5 {main}
  thrown в /home/pr435071/anakim.space/wp/wp-content/themes/underscores/functions.php на строке 4

2022-06-18T14:25:51+00:00 CRITICAL Uncaught Error: Call to undefined function underscores_post_thumbnail() in /home/pr435071/anakim.space/wp/wp-content/themes/underscores/template-parts/content-page.php:17
Stack trace:
#0 /home/pr435071/anakim.space/wp/wp-includes/template.php(772): require()
#1 /home/pr435071/anakim.space/wp/wp-includes/template.php(716): load_template('/home/pr435071/...', false, Array)
#2 /home/pr435071/anakim.space/wp/wp-includes/general-template.php(204): locate_template(Array, true, false, Array)
#3 /home/pr435071/anakim.space/wp/wp-content/themes/underscores/page.php(24): get_template_part('template-parts/...', 'page')
#4 /home/pr435071/anakim.space/wp/wp-includes/template-loader.php(106): include('/home/pr435071/...')
#5 /home/pr435071/anakim.space/wp/wp-blog-header.php(19): require_once('/home/pr435071/...')
#6 /home/pr435071/anakim.space/wp/index.php(17): require('/home/pr435071/...')
#7 {main}
  thrown в /home/pr435071/anakim.space/wp/wp-content/themes/underscores/template-parts/content-page.php на строке 17

2022-06-18T14:25:54+00:00 CRITICAL Uncaught Error: Call to undefined function underscores_post_thumbnail() in /home/pr435071/anakim.space/wp/wp-content/themes/underscores/template-parts/content-page.php:17
Stack trace:
#0 /home/pr435071/anakim.space/wp/wp-includes/template.php(772): require()
#1 /home/pr435071/anakim.space/wp/wp-includes/template.php(716): load_template('/home/pr435071/...', false, Array)
#2 /home/pr435071/anakim.space/wp/wp-includes/general-template.php(204): locate_template(Array, true, false, Array)
#3 /home/pr435071/anakim.space/wp/wp-content/themes/underscores/page.php(24): get_template_part('template-parts/...', 'page')
#4 /home/pr435071/anakim.space/wp/wp-includes/template-loader.php(106): include('/home/pr435071/...')
#5 /home/pr435071/anakim.space/wp/wp-blog-header.php(19): require_once('/home/pr435071/...')
#6 /home/pr435071/anakim.space/wp/index.php(17): require('/home/pr435071/...')
#7 {main}
  thrown в /home/pr435071/anakim.space/wp/wp-content/themes/underscores/template-parts/content-page.php на строке 17

2022-06-18T14:26:11+00:00 CRITICAL Uncaught Error: Call to undefined function underscores_post_thumbnail() in /home/pr435071/anakim.space/wp/wp-content/themes/underscores/template-parts/content-page.php:17
Stack trace:
#0 /home/pr435071/anakim.space/wp/wp-includes/template.php(772): require()
#1 /home/pr435071/anakim.space/wp/wp-includes/template.php(716): load_template('/home/pr435071/...', false, Array)
#2 /home/pr435071/anakim.space/wp/wp-includes/general-template.php(204): locate_template(Array, true, false, Array)
#3 /home/pr435071/anakim.space/wp/wp-content/themes/underscores/page.php(24): get_template_part('template-parts/...', 'page')
#4 /home/pr435071/anakim.space/wp/wp-includes/template-loader.php(106): include('/home/pr435071/...')
#5 /home/pr435071/anakim.space/wp/wp-blog-header.php(19): require_once('/home/pr435071/...')
#6 /home/pr435071/anakim.space/wp/index.php(17): require('/home/pr435071/...')
#7 {main}
  thrown в /home/pr435071/anakim.space/wp/wp-content/themes/underscores/template-parts/content-page.php на строке 17

2022-06-18T14:26:48+00:00 CRITICAL Uncaught Error: Call to undefined function underscores_post_thumbnail() in /home/pr435071/anakim.space/wp/wp-content/themes/underscores/template-parts/content-page.php:17
Stack trace:
#0 /home/pr435071/anakim.space/wp/wp-includes/template.php(772): require()
#1 /home/pr435071/anakim.space/wp/wp-includes/template.php(716): load_template('/home/pr435071/...', false, Array)
#2 /home/pr435071/anakim.space/wp/wp-includes/general-template.php(204): locate_template(Array, true, false, Array)
#3 /home/pr435071/anakim.space/wp/wp-content/themes/underscores/page.php(24): get_template_part('template-parts/...', 'page')
#4 /home/pr435071/anakim.space/wp/wp-includes/template-loader.php(106): include('/home/pr435071/...')
#5 /home/pr435071/anakim.space/wp/wp-blog-header.php(19): require_once('/home/pr435071/...')
#6 /home/pr435071/anakim.space/wp/index.php(17): require('/home/pr435071/...')
#7 {main}
  thrown в /home/pr435071/anakim.space/wp/wp-content/themes/underscores/template-parts/content-page.php на строке 17

2022-06-18T14:27:17+00:00 CRITICAL Uncaught Error: Call to undefined function underscores_post_thumbnail() in /home/pr435071/anakim.space/wp/wp-content/themes/underscores/template-parts/content-page.php:17
Stack trace:
#0 /home/pr435071/anakim.space/wp/wp-includes/template.php(772): require()
#1 /home/pr435071/anakim.space/wp/wp-includes/template.php(716): load_template('/home/pr435071/...', false, Array)
#2 /home/pr435071/anakim.space/wp/wp-includes/general-template.php(204): locate_template(Array, true, false, Array)
#3 /home/pr435071/anakim.space/wp/wp-content/themes/underscores/page.php(24): get_template_part('template-parts/...', 'page')
#4 /home/pr435071/anakim.space/wp/wp-includes/template-loader.php(106): include('/home/pr435071/...')
#5 /home/pr435071/anakim.space/wp/wp-blog-header.php(19): require_once('/home/pr435071/...')
#6 /home/pr435071/anakim.space/wp/index.php(17): require('/home/pr435071/...')
#7 {main}
  thrown в /home/pr435071/anakim.space/wp/wp-content/themes/underscores/template-parts/content-page.php на строке 17

